<?xml version="1.0" encoding="UTF-8"?>
<!-- Generated by org.testng.reporters.JUnitXMLReporter -->
<testsuite ignored="0" hostname="Alok-chakra" failures="0" tests="4" name="Test" time="0.091" errors="0" timestamp="2024-05-29T18:50:56 IST">
  <testcase classname="day1.Testone" name="abc" time="0.011"/>
  <testcase classname="day1.Testone" name="abd" time="0.001"/>
  <testcase classname="day1.Day3" name="homeLoan" time="0.001"/>
  <testcase classname="day1.Day3" name="rawHouse" time="0.002"/>
</testsuite> <!-- Test -->
