<?xml version="1.0" encoding="UTF-8"?>
<testng-results ignored="0" total="5" passed="5" failed="0" skipped="0">
  <reporter-output>
  </reporter-output>
  <suite started-at="2024-05-29T18:50:56 IST" name="Loan Department" finished-at="2024-05-29T18:50:56 IST" duration-ms="269">
    <groups>
    </groups>
    <test started-at="2024-05-29T18:50:56 IST" name="Test" finished-at="2024-05-29T18:50:56 IST" duration-ms="91">
      <class name="day1.Day3">
        <test-method signature="homeLoan()[pri:0, instance:day1.Day3@223aa2f7]" started-at="2024-05-29T18:50:56 IST" name="homeLoan" finished-at="2024-05-29T18:50:56 IST" duration-ms="1" status="PASS">
          <reporter-output>
          </reporter-output>
        </test-method> <!-- homeLoan -->
        <test-method signature="rawHouse()[pri:0, instance:day1.Day3@223aa2f7]" started-at="2024-05-29T18:50:56 IST" name="rawHouse" finished-at="2024-05-29T18:50:56 IST" duration-ms="2" status="PASS">
          <reporter-output>
          </reporter-output>
        </test-method> <!-- rawHouse -->
      </class> <!-- day1.Day3 -->
      <class name="day1.Testone">
        <test-method signature="abc()[pri:0, instance:day1.Testone@41fecb8b]" started-at="2024-05-29T18:50:56 IST" name="abc" finished-at="2024-05-29T18:50:56 IST" duration-ms="11" status="PASS">
          <reporter-output>
          </reporter-output>
        </test-method> <!-- abc -->
        <test-method signature="abd()[pri:0, instance:day1.Testone@41fecb8b]" started-at="2024-05-29T18:50:56 IST" name="abd" finished-at="2024-05-29T18:50:56 IST" duration-ms="1" status="PASS">
          <reporter-output>
          </reporter-output>
        </test-method> <!-- abd -->
      </class> <!-- day1.Testone -->
    </test> <!-- Test -->
    <test started-at="2024-05-29T18:50:56 IST" name="Testo" finished-at="2024-05-29T18:50:56 IST" duration-ms="6">
      <class name="day1.Day2">
        <test-method signature="carLoan()[pri:0, instance:day1.Day2@3b6ddd1d]" started-at="2024-05-29T18:50:56 IST" name="carLoan" finished-at="2024-05-29T18:50:56 IST" duration-ms="2" status="PASS">
          <reporter-output>
          </reporter-output>
        </test-method> <!-- carLoan -->
      </class> <!-- day1.Day2 -->
    </test> <!-- Testo -->
  </suite> <!-- Loan Department -->
</testng-results>
